\BOOKMARK [0][-]{chapter.1}{\376\377\000C\000r\000\351\000d\000i\000t\000o\000s}{}% 1
\BOOKMARK [1][-]{section.1.1}{\376\377\000C\000o\000n\000j\000u\000n\000t\000o\000s\000\040\000d\000e\000\040\000d\000a\000d\000o\000s}{chapter.1}% 2
\BOOKMARK [0][-]{chapter.2}{\376\377\000I\000n\000t\000r\000o\000d\000u\000\347\000\343\000o\000\040\000s\000u\000a\000v\000e\000\040\000a\000\040\000c\000o\000n\000c\000e\000i\000t\000o\000s\000\040\000d\000e\000\040\000G\000I\000S}{}% 3
\BOOKMARK [1][-]{section.2.1}{\376\377\000M\000a\000p\000a\000s\000\040\000e\000\040\000c\000o\000o\000r\000d\000e\000n\000a\000d\000a\000s}{chapter.2}% 4
\BOOKMARK [1][-]{section.2.2}{\376\377\000P\000r\000o\000j\000e\000\347\000\365\000e\000s\000\040\000c\000a\000r\000t\000o\000g\000r\000\341\000f\000i\000c\000a\000s}{chapter.2}% 5
\BOOKMARK [1][-]{section.2.3}{\376\377\000S\000i\000s\000t\000e\000m\000a\000s\000\040\000d\000e\000\040\000r\000e\000f\000e\000r\000\352\000n\000c\000i\000a\000\040\000d\000e\000\040\000c\000o\000o\000r\000d\000e\000n\000a\000d\000a\000s}{chapter.2}% 6
\BOOKMARK [1][-]{section.2.4}{\376\377\000T\000i\000p\000o\000s\000\040\000d\000e\000\040\000d\000a\000d\000o\000s\000\040\000e\000s\000p\000a\000c\000i\000a\000i\000s}{chapter.2}% 7
\BOOKMARK [1][-]{section.2.5}{\376\377\000S\000i\000s\000t\000e\000m\000a\000\040\000d\000e\000\040\000I\000n\000f\000o\000r\000m\000a\000\347\000\343\000o\000\040\000G\000e\000o\000g\000r\000\341\000f\000i\000c\000a\000\040\000\050\000S\000I\000G\000\051}{chapter.2}% 8
\BOOKMARK [1][-]{section.2.6}{\376\377\000S\000o\000f\000t\000w\000a\000r\000e\000\040\000L\000i\000v\000r\000e\000\040\000e\000\040\000d\000e\000\040\000C\000\363\000d\000i\000g\000o\000\040\000A\000b\000e\000r\000t\000o\000\040\000p\000a\000r\000a\000\040\000u\000s\000o\000\040\000G\000e\000o\000e\000s\000p\000a\000c\000i\000a\000l\000\040\000\050\000F\000O\000S\000S\0004\000G\000\051}{chapter.2}% 9
\BOOKMARK [1][-]{section.2.7}{\376\377\000S\000e\000\040\000v\000o\000c\000\352\000\040\000q\000u\000i\000s\000e\000r\000\040\000i\000r\000\040\000m\000a\000i\000s\000\040\000l\000o\000n\000g\000e}{chapter.2}% 10
\BOOKMARK [0][-]{chapter.3}{\376\377\000I\000n\000t\000r\000o\000d\000u\000\347\000\343\000o\000\040\000a\000o\000\040\000Q\000G\000I\000S}{}% 11
\BOOKMARK [1][-]{section.3.1}{\376\377\000I\000n\000t\000r\000o\000d\000u\000\347\000\343\000o\000\040\000a\000o\000\040\000Q\000G\000I\000S\000\040\000e\000\040\000\340\000\040\000i\000n\000t\000e\000r\000f\000a\000c\000e\000\040\000d\000o\000\040\000Q\000G\000I\000S}{chapter.3}% 12
\BOOKMARK [1][-]{section.3.2}{\376\377\000I\000n\000s\000t\000a\000l\000a\000n\000d\000o\000\040\000o\000\040\000Q\000G\000I\000S}{chapter.3}% 13
\BOOKMARK [1][-]{section.3.3}{\376\377\000C\000o\000m\000p\000l\000e\000m\000e\000n\000t\000o\000s\000\040\000Q\000G\000I\000S}{chapter.3}% 14
\BOOKMARK [1][-]{section.3.4}{\376\377\000C\000o\000n\000f\000i\000g\000u\000r\000a\000\347\000\365\000e\000s\000\040\000Q\000G\000I\000S}{chapter.3}% 15
\BOOKMARK [1][-]{section.3.5}{\376\377\000F\000o\000r\000m\000a\000t\000o\000s\000\040\000d\000e\000\040\000a\000r\000q\000u\000i\000v\000o\000\040\000d\000o\000\040\000Q\000G\000I\000S}{chapter.3}% 16
\BOOKMARK [1][-]{section.3.6}{\376\377\000S\000e\000\040\000v\000o\000c\000\352\000\040\000q\000u\000i\000s\000e\000r\000\040\000i\000r\000\040\000m\000a\000i\000s\000\040\000l\000o\000n\000g\000e\000:}{chapter.3}% 17
\BOOKMARK [0][-]{chapter.4}{\376\377\000C\000a\000m\000a\000d\000a\000s\000\040\000n\000o\000\040\000Q\000G\000I\000S}{}% 18
\BOOKMARK [1][-]{section.4.1}{\376\377\000T\000i\000p\000o\000s\000\040\000d\000e\000\040\000d\000a\000d\000o\000s\000,\000\040\000f\000o\000r\000m\000a\000t\000o\000s\000\040\000d\000e\000\040\000a\000r\000q\000u\000i\000v\000o\000,\000\040\000o\000\040\000p\000a\000i\000n\000e\000l\000\040\000d\000o\000\040\000n\000a\000v\000e\000g\000a\000d\000o\000r\000\040\000e\000\040\000o\000\040\000p\000a\000i\000n\000e\000l\000\040\000d\000e\000\040\000c\000a\000m\000a\000d\000a\000s}{chapter.4}% 19
\BOOKMARK [1][-]{section.4.2}{\376\377\000P\000r\000o\000p\000r\000i\000e\000d\000a\000d\000e\000s\000\040\000d\000a\000\040\000c\000a\000m\000a\000d\000a}{chapter.4}% 20
\BOOKMARK [1][-]{section.4.3}{\376\377\000M\000e\000t\000a\000d\000a\000d\000o\000s\000\040\000g\000e\000o\000e\000s\000p\000a\000c\000i\000a\000i\000s}{chapter.4}% 21
\BOOKMARK [1][-]{section.4.4}{\376\377\000O\000\040\000g\000e\000r\000e\000n\000c\000i\000a\000d\000o\000r\000\040\000d\000e\000\040\000f\000o\000n\000t\000e\000\040\000d\000e\000\040\000d\000a\000d\000o\000s\000\040\000e\000\040\000c\000o\000n\000e\000x\000\343\000o\000\040\000c\000o\000m\000\040\000s\000e\000r\000v\000i\000\347\000o\000s\000\040\000r\000e\000m\000o\000t\000o\000s}{chapter.4}% 22
\BOOKMARK [1][-]{section.4.5}{\376\377\000E\000x\000p\000o\000r\000t\000a\000n\000d\000o\000\040\000C\000a\000m\000a\000d\000a\000s\000,\000\040\000C\000a\000m\000a\000d\000a\000s\000\040\000n\000a\000\040\000M\000e\000m\000\363\000r\000i\000a\000\040\000\050\000T\000e\000m\000p\000o\000r\000\341\000r\000i\000a\000s\000\051\000\040\000e\000\040\000C\000a\000m\000a\000d\000a\000s\000\040\000V\000i\000r\000t\000u\000a\000i\000s}{chapter.4}% 23
\BOOKMARK [1][-]{section.4.6}{\376\377\000P\000a\000r\000a\000\040\000p\000r\000a\000t\000i\000c\000a\000r\000\040\000s\000u\000a\000s\000\040\000n\000o\000v\000a\000s\000\040\000h\000a\000b\000i\000l\000i\000d\000a\000d\000e\000s\000,\000\040\000t\000e\000n\000t\000e\040\046}{chapter.4}% 24
\BOOKMARK [0][-]{chapter.5}{\376\377\000O\000p\000e\000n\000S\000t\000r\000e\000e\000t\000M\000a\000p\000\040\000e\000\040\000a\000\040\000c\000a\000m\000a\000d\000a\000\040\000d\000e\000\040\000a\000s\000s\000e\000n\000t\000a\000m\000e\000n\000t\000o\000s\000\040\000d\000e\000\040\000a\000l\000t\000a\000\040\000r\000e\000s\000o\000l\000u\000\347\000\343\000o}{}% 25
\BOOKMARK [1][-]{section.5.1}{\376\377\000D\000a\000d\000o\000s\000\040\000d\000o\000\040\000O\000p\000e\000n\000S\000t\000r\000e\000e\000t\000M\000a\000p\000\040\000\050\000O\000S\000M\000\051}{chapter.5}% 26
\BOOKMARK [1][-]{section.5.2}{\376\377\000O\000s\000\040\000d\000a\000d\000o\000s\000\040\000d\000a\000\040\000c\000a\000m\000a\000d\000a\000\040\000d\000e\000\040\000a\000s\000s\000e\000n\000t\000a\000m\000e\000n\000t\000o\000s\000\040\000d\000e\000\040\000a\000l\000t\000a\000\040\000r\000e\000s\000o\000l\000u\000\347\000\343\000o\000\040\000\050\000H\000R\000S\000L\000\051}{chapter.5}% 27
\BOOKMARK [1][-]{section.5.3}{\376\377\000P\000a\000r\000a\000\040\000p\000r\000a\000t\000i\000c\000a\000r\000\040\000s\000u\000a\000s\000\040\000n\000o\000v\000a\000s\000\040\000h\000a\000b\000i\000l\000i\000d\000a\000d\000e\000s\000,\000\040\000t\000e\000n\000t\000e\040\046}{chapter.5}% 28
\BOOKMARK [0][-]{chapter.6}{\376\377\000C\000a\000m\000a\000d\000a\000s\000\040\000d\000e\000\040\000e\000s\000t\000i\000l\000o}{}% 29
\BOOKMARK [1][-]{section.6.1}{\376\377\000P\000a\000i\000n\000\351\000i\000s\000,\000\040\000g\000u\000i\000a\000s\000\040\000e\000\040\000t\000i\000p\000o\000s\000\040\000d\000e\000\040\000r\000e\000n\000d\000e\000r\000i\000z\000a\000\347\000\343\000o\000\040\000p\000r\000i\000n\000c\000i\000p\000a\000i\000s}{chapter.6}% 30
\BOOKMARK [1][-]{section.6.2}{\376\377\000R\000a\000s\000t\000e\000r\000\040\000b\000\341\000s\000i\000c\000o\000\040\000e\000\040\000s\000i\000m\000b\000o\000l\000o\000g\000i\000a\000\040\000v\000e\000t\000o\000r\000i\000a\000l}{chapter.6}% 31
\BOOKMARK [1][-]{section.6.3}{\376\377\000M\000o\000d\000o\000s\000\040\000d\000e\000\040\000m\000e\000s\000c\000l\000a\000g\000e\000m\000\040\000e\000\040\000e\000f\000e\000i\000t\000o\000s\000\040\000d\000e\000\040\000d\000e\000s\000e\000n\000h\000o}{chapter.6}% 32
\BOOKMARK [1][-]{section.6.4}{\376\377\000S\000u\000b\000s\000t\000i\000t\000u\000i\000\347\000\365\000e\000s\000\040\000d\000e\000f\000i\000n\000i\000d\000a\000s\000\040\000p\000o\000r\000\040\000d\000a\000d\000o\000s\000\040\000e\000\040\000g\000e\000r\000a\000d\000o\000r\000e\000s\000\040\000d\000e\000\040\000g\000e\000o\000m\000e\000t\000r\000i\000a}{chapter.6}% 33
\BOOKMARK [0][-]{chapter.7}{\376\377\000F\000a\000z\000e\000n\000d\000o\000\040\000m\000a\000p\000a\000s}{}% 34
\BOOKMARK [1][-]{section.7.1}{\376\377\000E\000x\000p\000o\000r\000t\000a\000n\000d\000o\000\040\000a\000\040\000t\000e\000l\000a\000\040\000d\000o\000\040\000m\000a\000p\000a}{chapter.7}% 35
\BOOKMARK [1][-]{section.7.2}{\376\377\000A\000d\000i\000c\000i\000o\000n\000a\000n\000d\000o\000\040\000e\000\040\000e\000d\000i\000t\000a\000n\000d\000o\000\040\000e\000l\000e\000m\000e\000n\000t\000o\000s\000\040\000d\000o\000\040\000m\000a\000p\000a\000\040\000a\000o\000\040\000l\000a\000y\000o\000u\000t\000\040\000d\000e\000\040\000i\000m\000p\000r\000e\000s\000s\000\343\000o}{chapter.7}% 36
\BOOKMARK [1][-]{section.7.3}{\376\377\000A\000u\000t\000o\000m\000a\000t\000i\000z\000a\000n\000d\000o\000\040\000a\000\040\000c\000r\000i\000a\000\347\000\343\000o\000\040\000d\000e\000\040\000m\000a\000p\000a\000s\000\040\000u\000s\000a\000n\000d\000o\000\040\000o\000s\000\040\000r\000e\000c\000u\000r\000s\000o\000s\000\040\000d\000o\000\040\000A\000t\000l\000a\000s}{chapter.7}% 37
\BOOKMARK [0][-]{chapter.8}{\376\377\000A\000t\000r\000i\000b\000u\000t\000o\000s\000\040\000d\000a\000\040\000c\000a\000m\000a\000d\000a}{}% 38
\BOOKMARK [1][-]{section.8.1}{\376\377\000E\000d\000i\000t\000a\000n\000d\000o\000\040\000a\000t\000r\000i\000b\000u\000t\000o\000s\000\040\000d\000a\000\040\000c\000a\000m\000a\000d\000a}{chapter.8}% 39
\BOOKMARK [1][-]{section.8.2}{\376\377\000E\000n\000t\000e\000n\000d\000e\000r\000\040\000e\000\040\000t\000r\000a\000b\000a\000l\000h\000a\000r\000\040\000c\000o\000m\000\040\000d\000a\000d\000o\000s\000\040\000d\000e\000\040\000a\000t\000r\000i\000b\000u\000t\000o\000s\000,\000\040\000c\000o\000n\000s\000u\000l\000t\000a\000s\000\040\000e\000\040\000a\000n\000\341\000l\000i\000s\000e\000s}{chapter.8}% 40
\BOOKMARK [1][-]{section.8.3}{\376\377\000E\000x\000p\000r\000e\000s\000s\000\365\000e\000s\000\040\000d\000e\000\040\000Q\000G\000I\000S\000\040\000a\000v\000a\000n\000\347\000a\000d\000a\000s}{chapter.8}% 41
\BOOKMARK [0][-]{chapter.9}{\376\377\000C\000r\000i\000a\000n\000d\000o\000\040\000e\000\040\000e\000d\000i\000t\000a\000n\000d\000o\000\040\000c\000a\000m\000a\000d\000a\000s}{}% 42
\BOOKMARK [1][-]{section.9.1}{\376\377\000C\000r\000i\000a\000n\000d\000o\000\040\000u\000m\000a\000\040\000n\000o\000v\000a\000\040\000c\000a\000m\000a\000d\000a\000\040\000G\000e\000o\000P\000a\000c\000k\000a\000g\000e\000\040\000o\000u\000\040\000S\000h\000a\000p\000e\000f\000i\000l\000e}{chapter.9}% 43
\BOOKMARK [1][-]{section.9.2}{\376\377\000D\000i\000g\000i\000t\000a\000l\000i\000z\000a\000n\000d\000o\000\040\000u\000m\000a\000\040\000c\000a\000m\000a\000d\000a\000\040\000e\000x\000i\000s\000t\000e\000n\000t\000e}{chapter.9}% 44
\BOOKMARK [1][-]{section.9.3}{\376\377\000G\000e\000o\000r\000r\000e\000f\000e\000r\000e\000n\000c\000i\000a\000n\000d\000o\000\040\000u\000m\000\040\000m\000a\000p\000a\000\040\000T\000o\000p\000o\000g\000r\000\341\000f\000i\000c\000o}{chapter.9}% 45
\BOOKMARK [0][-]{chapter.10}{\376\377\000P\000r\000o\000c\000e\000s\000s\000a\000m\000e\000n\000t\000o\000\040\000e\000\040\000a\000n\000\341\000l\000i\000s\000e\000\040\000v\000e\000t\000o\000r\000i\000a\000l}{}% 46
\BOOKMARK [1][-]{section.10.1}{\376\377\000O\000\040\000m\000o\000d\000e\000l\000o\000\040\000d\000e\000\040\000d\000a\000d\000o\000s\000\040\000v\000e\000t\000o\000r\000i\000a\000i\000s}{chapter.10}% 47
\BOOKMARK [1][-]{section.10.2}{\376\377\000M\000e\000t\000a\000d\000a\000d\000o\000s}{chapter.10}% 48
\BOOKMARK [1][-]{section.10.3}{\376\377\000L\000\363\000g\000i\000c\000a\000\040\000d\000o\000\040\000p\000r\000o\000c\000e\000s\000s\000a\000m\000e\000n\000t\000o\000\040\000v\000e\000t\000o\000r\000i\000a\000l}{chapter.10}% 49
\BOOKMARK [1][-]{section.10.4}{\376\377\000E\000n\000t\000e\000n\000d\000e\000n\000d\000o\000\040\000s\000e\000u\000s\000\040\000d\000a\000d\000o\000s}{chapter.10}% 50
\BOOKMARK [1][-]{section.10.5}{\376\377\000I\000n\000t\000r\000o\000d\000u\000\347\000\343\000o\000\040\000a\000o\000\040\000p\000r\000o\000c\000e\000s\000s\000a\000m\000e\000n\000t\000o\000\040\000v\000e\000t\000o\000r\000i\000a\000l}{chapter.10}% 51
\BOOKMARK [1][-]{section.10.6}{\376\377\000G\000e\000o\000e\000s\000t\000a\000t\000\355\000s\000t\000i\000c\000a\000\040\000e\000\040\000i\000n\000t\000e\000r\000p\000o\000l\000a\000\347\000\343\000o}{chapter.10}% 52
\BOOKMARK [0][-]{chapter.11}{\376\377\000P\000r\000o\000c\000e\000s\000s\000a\000m\000e\000n\000t\000o\000\040\000e\000\040\000a\000n\000\341\000l\000i\000s\000e\000\040\000r\000a\000s\000t\000e\000r}{}% 53
\BOOKMARK [1][-]{section.11.1}{\376\377\000O\000\040\000m\000o\000d\000e\000l\000o\000\040\000d\000e\000\040\000d\000a\000d\000o\000s}{chapter.11}% 54
\BOOKMARK [1][-]{section.11.2}{\376\377\000R\000a\000c\000i\000o\000n\000a\000l\000\040\000d\000o\000\040\000p\000r\000o\000c\000e\000s\000s\000a\000m\000e\000n\000t\000o\000\040\000r\000a\000s\000t\000e\000r}{chapter.11}% 55
\BOOKMARK [1][-]{section.11.3}{\376\377\000E\000n\000t\000e\000n\000d\000e\000n\000d\000o\000\040\000s\000e\000u\000s\000\040\000d\000a\000d\000o\000s\000\040\000r\000a\000s\000t\000e\000r}{chapter.11}% 56
\BOOKMARK [1][-]{section.11.4}{\376\377\000I\000n\000t\000r\000o\000d\000u\000\347\000\343\000o\000\040\000a\000o\000\040\000t\000r\000a\000b\000a\000l\000h\000o\000\040\000c\000o\000m\000\040\000d\000a\000d\000o\000s\000\040\000r\000a\000s\000t\000e\000r}{chapter.11}% 57
\BOOKMARK [1][-]{section.11.5}{\376\377\000T\000r\000a\000b\000a\000l\000h\000o\000\040\000c\000o\000m\000\040\000d\000a\000d\000o\000s\000\040\000r\000a\000s\000t\000e\000r\000\040\000e\000\040\000v\000e\000t\000o\000r\000i\000a\000i\000s}{chapter.11}% 58
\BOOKMARK [1][-]{section.11.6}{\376\377\000R\000e\000f\000e\000r\000\352\000n\000c\000i\000a\000s\000:}{chapter.11}% 59
\BOOKMARK [1][-]{section.11.7}{\376\377\000N\000o\000t\000a\000s}{chapter.11}% 60
\BOOKMARK [0][-]{chapter.12}{\376\377\000P\000l\000u\000g\000i\000n\000s\000\040\000Q\000G\000I\000S}{}% 61
\BOOKMARK [1][-]{section.12.1}{\376\377\000I\000n\000t\000r\000o\000d\000u\000\347\000\343\000o\000\040\000\340\000\040\000m\000e\000n\000t\000a\000l\000i\000d\000a\000d\000e\000\040\000d\000o\000\040\000p\000l\000u\000g\000i\000n}{chapter.12}% 62
\BOOKMARK [1][-]{section.12.2}{\376\377\000O\000\040\000g\000e\000r\000e\000n\000c\000i\000a\000d\000o\000r\000\040\000d\000e\000\040\000p\000l\000u\000g\000i\000n\000s}{chapter.12}% 63
\BOOKMARK [1][-]{section.12.3}{\376\377\000A\000l\000g\000u\000n\000s\000\040\000p\000l\000u\000g\000i\000n\000s\000\040\000i\000n\000t\000e\000r\000e\000s\000s\000a\000n\000t\000e\000s}{chapter.12}% 64
